<?xml version="1.0" encoding="UTF-8"?>
<!-- Generated by org.testng.reporters.JUnitReportReporter -->
<testsuite hostname="ADITYA" failures="0" tests="1" name="Data_driven_testing.DWSLogIn_PropertiesFile_CrossBrowser" time="11.733" errors="0" timestamp="2024-05-13T17:00:41 IST" skipped="0">
  <testcase classname="Data_driven_testing.DWSLogIn_PropertiesFile_CrossBrowser" name="login" time="11.733"/>
  <system-out/>
</testsuite> <!-- Data_driven_testing.DWSLogIn_PropertiesFile_CrossBrowser -->
