<?xml version="1.0" encoding="UTF-8"?>
<!-- Generated by org.testng.reporters.JUnitReportReporter -->
<testsuite hostname="ADITYA" failures="0" tests="1" name="Data_driven_testing.ReadDataFromJsonFile" time="8.910" errors="0" timestamp="2024-05-16T15:55:22 IST" skipped="0">
  <testcase classname="Data_driven_testing.ReadDataFromJsonFile" name="test" time="8.910"/>
  <system-out/>
</testsuite> <!-- Data_driven_testing.ReadDataFromJsonFile -->
