<?xml version="1.0" encoding="UTF-8"?>
<!-- Generated by org.testng.reporters.JUnitReportReporter -->
<testsuite hostname="ADITYA" failures="0" tests="1" name="Data_driven_testing.ReadDataFromXmlFile" time="9.387" errors="0" timestamp="2024-05-20T15:42:08 IST" skipped="0">
  <testcase classname="Data_driven_testing.ReadDataFromXmlFile" name="sample" time="9.387"/>
  <system-out/>
</testsuite> <!-- Data_driven_testing.ReadDataFromXmlFile -->
