<?xml version="1.0" encoding="UTF-8"?>
<!-- Generated by org.testng.reporters.JUnitReportReporter -->
<testsuite hostname="ADITYA" failures="0" tests="1" name="PracticeTestOrg.CreateOrganizationWithMoileNumTest" time="9.931" errors="0" timestamp="2024-05-17T11:24:01 IST" skipped="0">
  <testcase classname="PracticeTestOrg.CreateOrganizationWithMoileNumTest" name="TC01" time="9.931"/>
  <system-out>
    <![CDATA[facebook_330is displayed===pass
facebook_3309996665551is displayed in info===pass]]>
  </system-out>
</testsuite> <!-- PracticeTestOrg.CreateOrganizationWithMoileNumTest -->
