<?xml version="1.0" encoding="UTF-8"?>
<!-- Generated by org.testng.reporters.JUnitReportReporter -->
<testsuite hostname="ADITYA" failures="0" tests="5" name="Data_driven_testing.RandomNumberGeneration" time="29.660" errors="0" timestamp="2024-05-14T09:30:46 IST" skipped="0">
  <testcase classname="Data_driven_testing.RandomNumberGeneration" name="sample" time="4.452"/>
  <system-out/>
  <testcase classname="Data_driven_testing.RandomNumberGeneration" name="sample" time="4.664"/>
  <system-out/>
  <testcase classname="Data_driven_testing.RandomNumberGeneration" name="sample" time="11.546"/>
  <system-out/>
  <testcase classname="Data_driven_testing.RandomNumberGeneration" name="sample" time="4.633"/>
  <system-out/>
  <testcase classname="Data_driven_testing.RandomNumberGeneration" name="sample" time="4.365"/>
  <system-out/>
</testsuite> <!-- Data_driven_testing.RandomNumberGeneration -->
