<?xml version="1.0" encoding="UTF-8"?>
<!-- Generated by org.testng.reporters.JUnitReportReporter -->
<testsuite hostname="ADITYA" failures="0" tests="1" name="PracticeTestOrg.CreateOrganizationWithIndustryTest" time="23.140" errors="0" timestamp="2024-05-17T11:10:24 IST" skipped="0">
  <testcase classname="PracticeTestOrg.CreateOrganizationWithIndustryTest" name="TC01" time="23.140"/>
  <system-out>
    <![CDATA[facebook_233is displayed===pass
facebook_233EnergyPressis displayed in info===pass]]>
  </system-out>
</testsuite> <!-- PracticeTestOrg.CreateOrganizationWithIndustryTest -->
