<?xml version="1.0" encoding="UTF-8"?>
<!-- Generated by org.testng.reporters.JUnitReportReporter -->
<testsuite hostname="ADITYA" failures="0" tests="1" name="PracticeTestContact.CreateContactTest" time="24.592" errors="0" timestamp="2024-05-17T16:27:31 IST" skipped="0">
  <testcase classname="PracticeTestContact.CreateContactTest" name="TC01" time="24.592"/>
  <system-out>
    <![CDATA[samis displayed ====pass]]>
  </system-out>
</testsuite> <!-- PracticeTestContact.CreateContactTest -->
