<?xml version="1.0" encoding="UTF-8"?>
<!-- Generated by org.testng.reporters.JUnitReportReporter -->
<testsuite hostname="ADITYA" failures="0" tests="1" name="PracticeTestOrg.CreateOrganizationTest" time="22.750" errors="0" timestamp="2024-05-17T10:56:59 IST" skipped="0">
  <testcase classname="PracticeTestOrg.CreateOrganizationTest" name="TC01" time="22.750"/>
  <system-out>
    <![CDATA[facebook_645is displayed===pass
facebook_645is displayed in info===pass]]>
  </system-out>
</testsuite> <!-- PracticeTestOrg.CreateOrganizationTest -->
