<?xml version="1.0" encoding="UTF-8"?>
<!-- Generated by org.testng.reporters.JUnitReportReporter -->
<testsuite hostname="ADITYA" failures="0" tests="1" name="Maven_Basics.SearchTest" time="8.383" errors="0" timestamp="2024-05-24T15:10:29 IST" skipped="0">
  <testcase classname="Maven_Basics.SearchTest" name="SearchTestcase" time="8.383"/>
  <system-out>
    <![CDATA[Search Test Case is completed]]>
  </system-out>
</testsuite> <!-- Maven_Basics.SearchTest -->
