<?xml version="1.0" encoding="UTF-8"?>
<!-- Generated by org.testng.reporters.JUnitReportReporter -->
<testsuite hostname="ADITYA" failures="0" tests="1" name="Data_driven_testing.ReadDataBasedOnCondition" time="0.847" errors="0" timestamp="2024-05-17T17:17:13 IST" skipped="0">
  <testcase classname="Data_driven_testing.ReadDataBasedOnCondition" name="sample" time="0.847"/>
  <system-out/>
</testsuite> <!-- Data_driven_testing.ReadDataBasedOnCondition -->
