<?xml version="1.0" encoding="UTF-8"?>
<!-- Generated by org.testng.reporters.JUnitReportReporter -->
<testsuite hostname="ADITYA" failures="0" tests="1" name="Data_driven_testing.WriteDatabackToExcel" time="1.046" errors="0" timestamp="2024-05-13T16:15:52 IST" skipped="0">
  <testcase classname="Data_driven_testing.WriteDatabackToExcel" name="sample" time="1.046"/>
  <system-out/>
</testsuite> <!-- Data_driven_testing.WriteDatabackToExcel -->
