<?xml version="1.0" encoding="UTF-8"?>
<!-- Generated by org.testng.reporters.JUnitReportReporter -->
<testsuite hostname="ADITYA" failures="0" tests="1" name="Maven_Basics.VoteTest" time="4.957" errors="0" timestamp="2024-05-24T15:10:29 IST" skipped="0">
  <testcase classname="Maven_Basics.VoteTest" name="voteTestcase" time="4.957"/>
  <system-out>
    <![CDATA[Vote Test Case is completed]]>
  </system-out>
</testsuite> <!-- Maven_Basics.VoteTest -->
