<?xml version="1.0" encoding="UTF-8"?>
<!-- Generated by org.testng.reporters.JUnitReportReporter -->
<testsuite hostname="ADITYA" failures="0" tests="1" name="Data_driven_testing.ReadMultipleDataFromExcel" time="1.010" errors="0" timestamp="2024-05-13T15:59:07 IST" skipped="0">
  <testcase classname="Data_driven_testing.ReadMultipleDataFromExcel" name="sample" time="1.010"/>
  <system-out/>
</testsuite> <!-- Data_driven_testing.ReadMultipleDataFromExcel -->
