<?xml version="1.0" encoding="UTF-8"?>
<!-- Generated by org.testng.reporters.JUnitReportReporter -->
<testsuite hostname="ADITYA" failures="0" tests="1" name="PracticeTestContact.CreateContactWithOrg" time="33.864" errors="0" timestamp="2024-05-18T10:07:56 IST" skipped="0">
  <testcase classname="PracticeTestContact.CreateContactWithOrg" name="TC03" time="33.864"/>
  <system-out>
    <![CDATA[facebook_1374is displayed===pass
Adifacebook_1374is displayed ====pass]]>
  </system-out>
</testsuite> <!-- PracticeTestContact.CreateContactWithOrg -->
