<?xml version="1.0" encoding="UTF-8"?>
<!-- Generated by org.testng.reporters.JUnitReportReporter -->
<testsuite hostname="ADITYA" failures="0" tests="1" name="Object.pom.repository.SampleTestWithPom" time="9.019" errors="0" timestamp="2024-05-22T13:01:40 IST" skipped="0">
  <testcase classname="Object.pom.repository.SampleTestWithPom" name="tc01" time="9.019"/>
  <system-out/>
</testsuite> <!-- Object.pom.repository.SampleTestWithPom -->
