<?xml version="1.0" encoding="UTF-8"?>
<!-- Generated by org.testng.reporters.JUnitReportReporter -->
<testsuite hostname="ADITYA" failures="0" tests="1" name="Data_driven_testing.DemoWebShopLogIn" time="8.650" errors="0" timestamp="2024-05-10T15:55:56 IST" skipped="0">
  <testcase classname="Data_driven_testing.DemoWebShopLogIn" name="login" time="8.650"/>
  <system-out/>
</testsuite> <!-- Data_driven_testing.DemoWebShopLogIn -->
