<?xml version="1.0" encoding="UTF-8"?>
<!-- Generated by org.testng.reporters.JUnitReportReporter -->
<testsuite hostname="ADITYA" failures="0" tests="1" name="Data_driven_testing.ReadDataFromExcel" time="0.937" errors="0" timestamp="2024-05-16T10:57:40 IST" skipped="0">
  <testcase classname="Data_driven_testing.ReadDataFromExcel" name="sample" time="0.937"/>
  <system-out/>
</testsuite> <!-- Data_driven_testing.ReadDataFromExcel -->
