<?xml version="1.0" encoding="UTF-8"?>
<!-- Generated by org.testng.reporters.JUnitReportReporter -->
<testsuite hostname="ADITYA" failures="0" tests="1" name="PracticeTestContact.CreateContactWithSupportingDateTest" time="24.122" errors="0" timestamp="2024-05-17T17:40:01 IST" skipped="0">
  <testcase classname="PracticeTestContact.CreateContactWithSupportingDateTest" name="TC02" time="24.122"/>
  <system-out>
    <![CDATA[sam2024-05-172024-06-16is displayed ====pass]]>
  </system-out>
</testsuite> <!-- PracticeTestContact.CreateContactWithSupportingDateTest -->
