<?xml version="1.0" encoding="UTF-8"?>
<!-- Generated by org.testng.reporters.JUnitReportReporter -->
<testsuite hostname="ADITYA" failures="0" tests="1" name="Maven_Basics.MavenSampleTest" time="0.017" errors="0" timestamp="2024-05-10T11:14:19 IST" skipped="0">
  <testcase classname="Maven_Basics.MavenSampleTest" name="mavenDemo" time="0.017"/>
  <system-out/>
</testsuite> <!-- Maven_Basics.MavenSampleTest -->
